TN:
SF:lib/index.js
FNF:0
FNH:0
DA:3,1
DA:5,1
LF:2
LH:2
BRF:0
BRH:0
end_of_record
TN:
SF:lib/sls-api-rest.js
FN:15,(anonymous_0)
FN:19,(anonymous_1)
FN:83,(anonymous_2)
FN:90,(anonymous_3)
FN:98,(anonymous_4)
FN:105,(anonymous_5)
FN:108,(anonymous_6)
FN:112,(anonymous_7)
FNF:8
FNH:8
FNDA:9,(anonymous_0)
FNDA:17,(anonymous_1)
FNDA:16,(anonymous_2)
FNDA:2,(anonymous_3)
FNDA:16,(anonymous_4)
FNDA:3,(anonymous_5)
FNDA:17,(anonymous_6)
FNDA:17,(anonymous_7)
DA:3,1
DA:5,1
DA:6,1
DA:8,1
DA:9,1
DA:11,1
DA:13,1
DA:16,9
DA:21,17
DA:23,17
DA:27,17
DA:29,1
DA:31,1
DA:39,16
DA:41,16
DA:42,16
DA:43,16
DA:44,16
DA:47,16
DA:51,16
DA:63,16
DA:64,16
DA:67,3
DA:69,3
DA:72,13
DA:74,13
DA:85,16
DA:86,14
DA:88,2
DA:90,2
DA:91,2
DA:92,2
DA:95,2
DA:100,16
DA:102,16
DA:103,14
DA:105,3
DA:109,17
DA:114,17
DA:116,17
DA:118,1
DA:119,1
DA:121,1
DA:128,16
LF:44
LH:44
BRDA:27,0,0,1
BRDA:27,0,1,16
BRDA:39,1,0,16
BRDA:39,1,1,14
BRDA:41,2,0,16
BRDA:41,2,1,4
BRDA:42,3,0,16
BRDA:42,3,1,8
BRDA:42,3,2,8
BRDA:44,4,0,8
BRDA:44,4,1,8
BRDA:44,5,0,8
BRDA:44,5,1,3
BRDA:47,6,0,16
BRDA:47,6,1,3
BRDA:47,6,2,2
BRDA:47,6,3,14
BRDA:47,6,4,13
BRDA:57,7,0,16
BRDA:57,7,1,15
BRDA:69,8,0,3
BRDA:69,8,1,3
BRDA:75,9,0,13
BRDA:75,9,1,1
BRDA:85,10,0,14
BRDA:85,10,1,2
BRDA:102,11,0,14
BRDA:102,11,1,2
BRDA:116,12,0,1
BRDA:116,12,1,16
BRDA:116,13,0,17
BRDA:116,13,1,2
BRDA:116,13,2,1
BRF:33
BRH:33
end_of_record
